# The purpose of this log file is to explain why job defaults were changed, to make sure that we don't go back unintentionally to 
# old settings
##
# Changes to walltime needed to avoid timing out
run_7_pairs_misreg                00:00:35 --> 00:00:45    May 14 2020   timeouts for JacobshavenSenAT90
run_7_pairs_misreg                00:00:45 --> 00:00:50    May 14 2020   timeouts for JacobshavenSenDT127
run_7_pairs_misreg                00:00:50 --> 00:00:55    May 19 2020   timeouts for HanumangarhSenDT34 (run_7_*_0.job)
run_12_merge_master_slave_slc_0   00:02:00 --> 00:02:45    May 27 2020   timeout for Longonot (61 patches)  (need t=c+s*#patch)

After installing on $SCRATCH:

run_14_merge_burst_igram          00:00:10  --> 00:00:02   4000 0 --> 4000 300     Sep 7 2020  Seg faults  for KokoxiliSenAT70
run_14_merge_burst_igram                                              4000 125  2  Sep 18      Seg Faults
run_11_extract_stack_valid_region  01:00:00 0                                      Sep 18      timeout for SpainSenDT154 (depends on SLCs but independent of bursts?)
run_12_merge_reference_secondary_slc  00:02:45 0 --> 00:00:50 00:00:02             Sep 28      timeout for WenchuanSenDT62 (90 bursts) after ~3 minutes


run_15_filter_coherence          4000 180   -->  5000  190                         Oct 4   HaiyuanSenDT164 out of memory
run_14_merge_burst_igram         4000 125   -->  5000  120                         Oct 10  WenchuanSenAT128 out of memory (now uses 3 nodes per job, before only 2)
run_07_pairs_misreg              0 00:00:55 --> 0 00:01:05                         Oct 10  There were repeated timeouts for run_07_*_0.job (Wenchuan, Haiyuan; probably because run_07 does not scale well)
run_15_filter_coherence          5000  190  -->  5000  215                         Oct 27   KilaueaSenAT124 14 bursts, 7 19 lks
run_15_filter_coherence          5000  215  --> 11300  215                         Nov 19   IsaraelBig (24 bursts)  
generate_burst_igram             5000    0  -->  7300    0                         Nov 20   IsaraelBig (24 bursts)

NOTE 20 NOV:  Don't do slope for memory. That was a mistake

