2019-03-26 12:20:49,019 - INFO - Generating template files on 2019-03-26T12:20:49.019681

2019-03-26 12:20:49,049 - DEBUG - Starting new HTTPS connection (1): docs.google.com
2019-03-26 12:20:50,007 - DEBUG - https://docs.google.com:443 "GET /spreadsheets/d/1CPg29RhjBVdWLdTk50RyoX0Fk0Ab-piZMMwJRvHIipc/export?format=csv HTTP/1.1" 200 None
2019-03-26 12:20:50,242 - INFO - Finished generating template files
2019-03-26 12:20:50,243 - DEBUG - Project name: GalapagosSenDT128VV
2019-03-26 12:20:50,257 - DEBUG - Project name: GalapagosSenAT106VV
2019-03-26 12:20:50,257 - DEBUG - Project name: KilaueaSenD87VV
2019-03-26 12:20:50,257 - DEBUG - Project name: GalapagosSenDT128
2019-03-26 12:20:50,257 - DEBUG - Project name: GalapagosSenAT106
2019-03-26 12:20:50,257 - DEBUG - Project name: KilaueaSenD87
2019-03-26 12:20:50,258 - DEBUG - Project name: KilaueaSenAT124
2019-03-26 12:20:50,258 - DEBUG - Project name: AgungSenDT32
2019-03-26 12:20:50,258 - DEBUG - Project name: AgungSenAT156
2019-03-26 12:20:50,258 - DEBUG - Project name: LombokSenDT32
2019-03-26 12:20:50,258 - DEBUG - Project name: LombokSenAT156
2019-03-26 12:20:50,258 - DEBUG - Project name: CotopaxiSenAT120
2019-03-26 12:20:50,259 - DEBUG - Project name: ChilesSenAT120
2019-03-26 12:20:50,259 - DEBUG - Project name: GalerasSenAT120
2019-03-26 12:20:50,259 - DEBUG - Project name: testGalapagosSenDT128
2019-03-26 12:20:50,259 - DEBUG - Project name: testGalapagosSenAT106
2019-03-26 12:20:50,259 - INFO - Datasets to Process: ['GalapagosSenDT128VV', 'GalapagosSenAT106VV', 'KilaueaSenD87VV', 'GalapagosSenDT128', 'GalapagosSenAT106', 'KilaueaSenD87', 'KilaueaSenAT124', 'AgungSenDT32', 'AgungSenAT156', 'LombokSenDT32', 'LombokSenAT156', 'CotopaxiSenAT120', 'ChilesSenAT120', 'GalerasSenAT120', 'testGalapagosSenDT128', 'testGalapagosSenAT106']
2019-03-26 12:20:50,273 - INFO - GalapagosSenDT128VV: /nethome/jaz101/insarlab/OPERATIONS/TEMPLATES/GalapagosSenDT128VV.template
2019-03-26 12:22:32,990 - INFO - Generating template files on 2019-03-26T12:22:32.990658

2019-03-26 12:22:32,995 - DEBUG - Starting new HTTPS connection (1): docs.google.com
2019-03-26 12:22:33,407 - DEBUG - https://docs.google.com:443 "GET /spreadsheets/d/1CPg29RhjBVdWLdTk50RyoX0Fk0Ab-piZMMwJRvHIipc/export?format=csv HTTP/1.1" 200 None
2019-03-26 12:22:33,431 - INFO - Finished generating template files
2019-03-26 12:22:57,090 - INFO - Generating template files on 2019-03-26T12:22:57.090264

2019-03-26 12:22:57,095 - DEBUG - Starting new HTTPS connection (1): docs.google.com
2019-03-26 12:22:57,334 - DEBUG - https://docs.google.com:443 "GET /spreadsheets/d/1CPg29RhjBVdWLdTk50RyoX0Fk0Ab-piZMMwJRvHIipc/export?format=csv HTTP/1.1" 200 None
2019-03-26 12:22:57,378 - INFO - Finished generating template files
2019-03-26 12:22:57,379 - DEBUG - Project name: testGalapagosSenDT128
2019-03-26 12:22:57,379 - DEBUG - Project name: testGalapagosSenAT106
2019-03-26 12:22:57,379 - INFO - Datasets to Process: ['testGalapagosSenDT128', 'testGalapagosSenAT106']
2019-03-26 12:22:57,379 - INFO - testGalapagosSenDT128: /nethome/jaz101/insarlab/OPERATIONS/TEMPLATES/testGalapagosSenDT128.template
